2021-11-17T17:56:44+00:00 CRITICAL Uncaught TypeError: call_user_func(): Argument #1 ($callback) must be a valid callback, function "sirat_customize_partial_blogdescription" not found or invalid function name in C:\xampp\htdocs\wp-includes\customize\class-wp-customize-partial.php:221
Stack trace:
#0 C:\xampp\htdocs\wp-includes\customize\class-wp-customize-selective-refresh.php(371): WP_Customize_Partial->render(Array)
#1 C:\xampp\htdocs\wp-includes\class-wp-hook.php(303): WP_Customize_Selective_Refresh->handle_render_partials_request('')
#2 C:\xampp\htdocs\wp-includes\class-wp-hook.php(327): WP_Hook->apply_filters(NULL, Array)
#3 C:\xampp\htdocs\wp-includes\plugin.php(470): WP_Hook->do_action(Array)
#4 C:\xampp\htdocs\wp-includes\template-loader.php(13): do_action('template_redire...')
#5 C:\xampp\htdocs\wp-blog-header.php(19): require_once('C:\\xampp\\htdocs...')
#6 C:\xampp\htdocs\index.php(17): require('C:\\xampp\\htdocs...')
#7 {main}
  thrown en C:\xampp\htdocs\wp-includes\customize\class-wp-customize-partial.php en la línea 221

2021-11-17T17:56:46+00:00 CRITICAL Uncaught TypeError: call_user_func(): Argument #1 ($callback) must be a valid callback, function "sirat_customize_partial_blogdescription" not found or invalid function name in C:\xampp\htdocs\wp-includes\customize\class-wp-customize-partial.php:221
Stack trace:
#0 C:\xampp\htdocs\wp-includes\customize\class-wp-customize-selective-refresh.php(371): WP_Customize_Partial->render(Array)
#1 C:\xampp\htdocs\wp-includes\class-wp-hook.php(303): WP_Customize_Selective_Refresh->handle_render_partials_request('')
#2 C:\xampp\htdocs\wp-includes\class-wp-hook.php(327): WP_Hook->apply_filters(NULL, Array)
#3 C:\xampp\htdocs\wp-includes\plugin.php(470): WP_Hook->do_action(Array)
#4 C:\xampp\htdocs\wp-includes\template-loader.php(13): do_action('template_redire...')
#5 C:\xampp\htdocs\wp-blog-header.php(19): require_once('C:\\xampp\\htdocs...')
#6 C:\xampp\htdocs\index.php(17): require('C:\\xampp\\htdocs...')
#7 {main}
  thrown en C:\xampp\htdocs\wp-includes\customize\class-wp-customize-partial.php en la línea 221

2021-11-17T17:56:47+00:00 CRITICAL Uncaught TypeError: call_user_func(): Argument #1 ($callback) must be a valid callback, function "sirat_customize_partial_blogdescription" not found or invalid function name in C:\xampp\htdocs\wp-includes\customize\class-wp-customize-partial.php:221
Stack trace:
#0 C:\xampp\htdocs\wp-includes\customize\class-wp-customize-selective-refresh.php(371): WP_Customize_Partial->render(Array)
#1 C:\xampp\htdocs\wp-includes\class-wp-hook.php(303): WP_Customize_Selective_Refresh->handle_render_partials_request('')
#2 C:\xampp\htdocs\wp-includes\class-wp-hook.php(327): WP_Hook->apply_filters(NULL, Array)
#3 C:\xampp\htdocs\wp-includes\plugin.php(470): WP_Hook->do_action(Array)
#4 C:\xampp\htdocs\wp-includes\template-loader.php(13): do_action('template_redire...')
#5 C:\xampp\htdocs\wp-blog-header.php(19): require_once('C:\\xampp\\htdocs...')
#6 C:\xampp\htdocs\index.php(17): require('C:\\xampp\\htdocs...')
#7 {main}
  thrown en C:\xampp\htdocs\wp-includes\customize\class-wp-customize-partial.php en la línea 221

2021-11-17T17:56:49+00:00 CRITICAL Uncaught TypeError: call_user_func(): Argument #1 ($callback) must be a valid callback, function "sirat_customize_partial_blogdescription" not found or invalid function name in C:\xampp\htdocs\wp-includes\customize\class-wp-customize-partial.php:221
Stack trace:
#0 C:\xampp\htdocs\wp-includes\customize\class-wp-customize-selective-refresh.php(371): WP_Customize_Partial->render(Array)
#1 C:\xampp\htdocs\wp-includes\class-wp-hook.php(303): WP_Customize_Selective_Refresh->handle_render_partials_request('')
#2 C:\xampp\htdocs\wp-includes\class-wp-hook.php(327): WP_Hook->apply_filters(NULL, Array)
#3 C:\xampp\htdocs\wp-includes\plugin.php(470): WP_Hook->do_action(Array)
#4 C:\xampp\htdocs\wp-includes\template-loader.php(13): do_action('template_redire...')
#5 C:\xampp\htdocs\wp-blog-header.php(19): require_once('C:\\xampp\\htdocs...')
#6 C:\xampp\htdocs\index.php(17): require('C:\\xampp\\htdocs...')
#7 {main}
  thrown en C:\xampp\htdocs\wp-includes\customize\class-wp-customize-partial.php en la línea 221

2021-11-17T17:56:52+00:00 CRITICAL Uncaught TypeError: call_user_func(): Argument #1 ($callback) must be a valid callback, function "sirat_customize_partial_blogdescription" not found or invalid function name in C:\xampp\htdocs\wp-includes\customize\class-wp-customize-partial.php:221
Stack trace:
#0 C:\xampp\htdocs\wp-includes\customize\class-wp-customize-selective-refresh.php(371): WP_Customize_Partial->render(Array)
#1 C:\xampp\htdocs\wp-includes\class-wp-hook.php(303): WP_Customize_Selective_Refresh->handle_render_partials_request('')
#2 C:\xampp\htdocs\wp-includes\class-wp-hook.php(327): WP_Hook->apply_filters(NULL, Array)
#3 C:\xampp\htdocs\wp-includes\plugin.php(470): WP_Hook->do_action(Array)
#4 C:\xampp\htdocs\wp-includes\template-loader.php(13): do_action('template_redire...')
#5 C:\xampp\htdocs\wp-blog-header.php(19): require_once('C:\\xampp\\htdocs...')
#6 C:\xampp\htdocs\index.php(17): require('C:\\xampp\\htdocs...')
#7 {main}
  thrown en C:\xampp\htdocs\wp-includes\customize\class-wp-customize-partial.php en la línea 221

2021-11-17T17:56:54+00:00 CRITICAL Uncaught TypeError: call_user_func(): Argument #1 ($callback) must be a valid callback, function "sirat_customize_partial_blogdescription" not found or invalid function name in C:\xampp\htdocs\wp-includes\customize\class-wp-customize-partial.php:221
Stack trace:
#0 C:\xampp\htdocs\wp-includes\customize\class-wp-customize-selective-refresh.php(371): WP_Customize_Partial->render(Array)
#1 C:\xampp\htdocs\wp-includes\class-wp-hook.php(303): WP_Customize_Selective_Refresh->handle_render_partials_request('')
#2 C:\xampp\htdocs\wp-includes\class-wp-hook.php(327): WP_Hook->apply_filters(NULL, Array)
#3 C:\xampp\htdocs\wp-includes\plugin.php(470): WP_Hook->do_action(Array)
#4 C:\xampp\htdocs\wp-includes\template-loader.php(13): do_action('template_redire...')
#5 C:\xampp\htdocs\wp-blog-header.php(19): require_once('C:\\xampp\\htdocs...')
#6 C:\xampp\htdocs\index.php(17): require('C:\\xampp\\htdocs...')
#7 {main}
  thrown en C:\xampp\htdocs\wp-includes\customize\class-wp-customize-partial.php en la línea 221

2021-11-17T17:56:56+00:00 CRITICAL Uncaught TypeError: call_user_func(): Argument #1 ($callback) must be a valid callback, function "sirat_customize_partial_blogdescription" not found or invalid function name in C:\xampp\htdocs\wp-includes\customize\class-wp-customize-partial.php:221
Stack trace:
#0 C:\xampp\htdocs\wp-includes\customize\class-wp-customize-selective-refresh.php(371): WP_Customize_Partial->render(Array)
#1 C:\xampp\htdocs\wp-includes\class-wp-hook.php(303): WP_Customize_Selective_Refresh->handle_render_partials_request('')
#2 C:\xampp\htdocs\wp-includes\class-wp-hook.php(327): WP_Hook->apply_filters(NULL, Array)
#3 C:\xampp\htdocs\wp-includes\plugin.php(470): WP_Hook->do_action(Array)
#4 C:\xampp\htdocs\wp-includes\template-loader.php(13): do_action('template_redire...')
#5 C:\xampp\htdocs\wp-blog-header.php(19): require_once('C:\\xampp\\htdocs...')
#6 C:\xampp\htdocs\index.php(17): require('C:\\xampp\\htdocs...')
#7 {main}
  thrown en C:\xampp\htdocs\wp-includes\customize\class-wp-customize-partial.php en la línea 221

2021-11-17T17:56:58+00:00 CRITICAL Uncaught TypeError: call_user_func(): Argument #1 ($callback) must be a valid callback, function "sirat_customize_partial_blogdescription" not found or invalid function name in C:\xampp\htdocs\wp-includes\customize\class-wp-customize-partial.php:221
Stack trace:
#0 C:\xampp\htdocs\wp-includes\customize\class-wp-customize-selective-refresh.php(371): WP_Customize_Partial->render(Array)
#1 C:\xampp\htdocs\wp-includes\class-wp-hook.php(303): WP_Customize_Selective_Refresh->handle_render_partials_request('')
#2 C:\xampp\htdocs\wp-includes\class-wp-hook.php(327): WP_Hook->apply_filters(NULL, Array)
#3 C:\xampp\htdocs\wp-includes\plugin.php(470): WP_Hook->do_action(Array)
#4 C:\xampp\htdocs\wp-includes\template-loader.php(13): do_action('template_redire...')
#5 C:\xampp\htdocs\wp-blog-header.php(19): require_once('C:\\xampp\\htdocs...')
#6 C:\xampp\htdocs\index.php(17): require('C:\\xampp\\htdocs...')
#7 {main}
  thrown en C:\xampp\htdocs\wp-includes\customize\class-wp-customize-partial.php en la línea 221

2021-11-17T17:57:02+00:00 CRITICAL Uncaught TypeError: call_user_func(): Argument #1 ($callback) must be a valid callback, function "sirat_customize_partial_blogname" not found or invalid function name in C:\xampp\htdocs\wp-includes\customize\class-wp-customize-partial.php:221
Stack trace:
#0 C:\xampp\htdocs\wp-includes\customize\class-wp-customize-selective-refresh.php(371): WP_Customize_Partial->render(Array)
#1 C:\xampp\htdocs\wp-includes\class-wp-hook.php(303): WP_Customize_Selective_Refresh->handle_render_partials_request('')
#2 C:\xampp\htdocs\wp-includes\class-wp-hook.php(327): WP_Hook->apply_filters(NULL, Array)
#3 C:\xampp\htdocs\wp-includes\plugin.php(470): WP_Hook->do_action(Array)
#4 C:\xampp\htdocs\wp-includes\template-loader.php(13): do_action('template_redire...')
#5 C:\xampp\htdocs\wp-blog-header.php(19): require_once('C:\\xampp\\htdocs...')
#6 C:\xampp\htdocs\index.php(17): require('C:\\xampp\\htdocs...')
#7 {main}
  thrown en C:\xampp\htdocs\wp-includes\customize\class-wp-customize-partial.php en la línea 221

2021-11-17T17:57:04+00:00 CRITICAL Uncaught TypeError: call_user_func(): Argument #1 ($callback) must be a valid callback, function "sirat_customize_partial_blogname" not found or invalid function name in C:\xampp\htdocs\wp-includes\customize\class-wp-customize-partial.php:221
Stack trace:
#0 C:\xampp\htdocs\wp-includes\customize\class-wp-customize-selective-refresh.php(371): WP_Customize_Partial->render(Array)
#1 C:\xampp\htdocs\wp-includes\class-wp-hook.php(303): WP_Customize_Selective_Refresh->handle_render_partials_request('')
#2 C:\xampp\htdocs\wp-includes\class-wp-hook.php(327): WP_Hook->apply_filters(NULL, Array)
#3 C:\xampp\htdocs\wp-includes\plugin.php(470): WP_Hook->do_action(Array)
#4 C:\xampp\htdocs\wp-includes\template-loader.php(13): do_action('template_redire...')
#5 C:\xampp\htdocs\wp-blog-header.php(19): require_once('C:\\xampp\\htdocs...')
#6 C:\xampp\htdocs\index.php(17): require('C:\\xampp\\htdocs...')
#7 {main}
  thrown en C:\xampp\htdocs\wp-includes\customize\class-wp-customize-partial.php en la línea 221

2021-11-17T17:57:04+00:00 CRITICAL Uncaught TypeError: call_user_func(): Argument #1 ($callback) must be a valid callback, function "sirat_customize_partial_blogname" not found or invalid function name in C:\xampp\htdocs\wp-includes\customize\class-wp-customize-partial.php:221
Stack trace:
#0 C:\xampp\htdocs\wp-includes\customize\class-wp-customize-selective-refresh.php(371): WP_Customize_Partial->render(Array)
#1 C:\xampp\htdocs\wp-includes\class-wp-hook.php(303): WP_Customize_Selective_Refresh->handle_render_partials_request('')
#2 C:\xampp\htdocs\wp-includes\class-wp-hook.php(327): WP_Hook->apply_filters(NULL, Array)
#3 C:\xampp\htdocs\wp-includes\plugin.php(470): WP_Hook->do_action(Array)
#4 C:\xampp\htdocs\wp-includes\template-loader.php(13): do_action('template_redire...')
#5 C:\xampp\htdocs\wp-blog-header.php(19): require_once('C:\\xampp\\htdocs...')
#6 C:\xampp\htdocs\index.php(17): require('C:\\xampp\\htdocs...')
#7 {main}
  thrown en C:\xampp\htdocs\wp-includes\customize\class-wp-customize-partial.php en la línea 221

2021-11-17T17:57:14+00:00 CRITICAL Uncaught TypeError: call_user_func(): Argument #1 ($callback) must be a valid callback, function "sirat_customize_partial_blogname" not found or invalid function name in C:\xampp\htdocs\wp-includes\customize\class-wp-customize-partial.php:221
Stack trace:
#0 C:\xampp\htdocs\wp-includes\customize\class-wp-customize-selective-refresh.php(371): WP_Customize_Partial->render(Array)
#1 C:\xampp\htdocs\wp-includes\class-wp-hook.php(303): WP_Customize_Selective_Refresh->handle_render_partials_request('')
#2 C:\xampp\htdocs\wp-includes\class-wp-hook.php(327): WP_Hook->apply_filters(NULL, Array)
#3 C:\xampp\htdocs\wp-includes\plugin.php(470): WP_Hook->do_action(Array)
#4 C:\xampp\htdocs\wp-includes\template-loader.php(13): do_action('template_redire...')
#5 C:\xampp\htdocs\wp-blog-header.php(19): require_once('C:\\xampp\\htdocs...')
#6 C:\xampp\htdocs\index.php(17): require('C:\\xampp\\htdocs...')
#7 {main}
  thrown en C:\xampp\htdocs\wp-includes\customize\class-wp-customize-partial.php en la línea 221

2021-11-17T17:57:20+00:00 CRITICAL Uncaught TypeError: call_user_func(): Argument #1 ($callback) must be a valid callback, function "sirat_customize_partial_blogname" not found or invalid function name in C:\xampp\htdocs\wp-includes\customize\class-wp-customize-partial.php:221
Stack trace:
#0 C:\xampp\htdocs\wp-includes\customize\class-wp-customize-selective-refresh.php(368): WP_Customize_Partial->render(NULL)
#1 C:\xampp\htdocs\wp-includes\class-wp-hook.php(303): WP_Customize_Selective_Refresh->handle_render_partials_request('')
#2 C:\xampp\htdocs\wp-includes\class-wp-hook.php(327): WP_Hook->apply_filters(NULL, Array)
#3 C:\xampp\htdocs\wp-includes\plugin.php(470): WP_Hook->do_action(Array)
#4 C:\xampp\htdocs\wp-includes\template-loader.php(13): do_action('template_redire...')
#5 C:\xampp\htdocs\wp-blog-header.php(19): require_once('C:\\xampp\\htdocs...')
#6 C:\xampp\htdocs\index.php(17): require('C:\\xampp\\htdocs...')
#7 {main}
  thrown en C:\xampp\htdocs\wp-includes\customize\class-wp-customize-partial.php en la línea 221

2021-11-17T17:57:21+00:00 CRITICAL Uncaught TypeError: call_user_func(): Argument #1 ($callback) must be a valid callback, function "sirat_customize_partial_blogname" not found or invalid function name in C:\xampp\htdocs\wp-includes\customize\class-wp-customize-partial.php:221
Stack trace:
#0 C:\xampp\htdocs\wp-includes\customize\class-wp-customize-selective-refresh.php(368): WP_Customize_Partial->render(NULL)
#1 C:\xampp\htdocs\wp-includes\class-wp-hook.php(303): WP_Customize_Selective_Refresh->handle_render_partials_request('')
#2 C:\xampp\htdocs\wp-includes\class-wp-hook.php(327): WP_Hook->apply_filters(NULL, Array)
#3 C:\xampp\htdocs\wp-includes\plugin.php(470): WP_Hook->do_action(Array)
#4 C:\xampp\htdocs\wp-includes\template-loader.php(13): do_action('template_redire...')
#5 C:\xampp\htdocs\wp-blog-header.php(19): require_once('C:\\xampp\\htdocs...')
#6 C:\xampp\htdocs\index.php(17): require('C:\\xampp\\htdocs...')
#7 {main}
  thrown en C:\xampp\htdocs\wp-includes\customize\class-wp-customize-partial.php en la línea 221

2021-11-17T17:57:37+00:00 CRITICAL Uncaught TypeError: call_user_func(): Argument #1 ($callback) must be a valid callback, function "sirat_customize_partial_blogname" not found or invalid function name in C:\xampp\htdocs\wp-includes\customize\class-wp-customize-partial.php:221
Stack trace:
#0 C:\xampp\htdocs\wp-includes\customize\class-wp-customize-selective-refresh.php(371): WP_Customize_Partial->render(Array)
#1 C:\xampp\htdocs\wp-includes\class-wp-hook.php(303): WP_Customize_Selective_Refresh->handle_render_partials_request('')
#2 C:\xampp\htdocs\wp-includes\class-wp-hook.php(327): WP_Hook->apply_filters(NULL, Array)
#3 C:\xampp\htdocs\wp-includes\plugin.php(470): WP_Hook->do_action(Array)
#4 C:\xampp\htdocs\wp-includes\template-loader.php(13): do_action('template_redire...')
#5 C:\xampp\htdocs\wp-blog-header.php(19): require_once('C:\\xampp\\htdocs...')
#6 C:\xampp\htdocs\index.php(17): require('C:\\xampp\\htdocs...')
#7 {main}
  thrown en C:\xampp\htdocs\wp-includes\customize\class-wp-customize-partial.php en la línea 221

2021-11-17T17:57:39+00:00 CRITICAL Uncaught TypeError: call_user_func(): Argument #1 ($callback) must be a valid callback, function "sirat_customize_partial_blogname" not found or invalid function name in C:\xampp\htdocs\wp-includes\customize\class-wp-customize-partial.php:221
Stack trace:
#0 C:\xampp\htdocs\wp-includes\customize\class-wp-customize-selective-refresh.php(371): WP_Customize_Partial->render(Array)
#1 C:\xampp\htdocs\wp-includes\class-wp-hook.php(303): WP_Customize_Selective_Refresh->handle_render_partials_request('')
#2 C:\xampp\htdocs\wp-includes\class-wp-hook.php(327): WP_Hook->apply_filters(NULL, Array)
#3 C:\xampp\htdocs\wp-includes\plugin.php(470): WP_Hook->do_action(Array)
#4 C:\xampp\htdocs\wp-includes\template-loader.php(13): do_action('template_redire...')
#5 C:\xampp\htdocs\wp-blog-header.php(19): require_once('C:\\xampp\\htdocs...')
#6 C:\xampp\htdocs\index.php(17): require('C:\\xampp\\htdocs...')
#7 {main}
  thrown en C:\xampp\htdocs\wp-includes\customize\class-wp-customize-partial.php en la línea 221

